{"/root/projects/worldcup-scout-pro/frontend/src/components/common/EmptyState.vue": {"path":"/root/projects/worldcup-scout-pro/frontend/src/components/common/EmptyState.vue","statementMap":{"0":{"start":{"line":9,"column":14},"end":{"line":9,"column":null}},"1":{"start":{"line":14,"column":13},"end":{"line":14,"column":null}},"2":{"start":{"line":19,"column":50},"end":{"line":23,"column":null}},"3":{"start":{"line":25,"column":22},"end":{"line":25,"column":null}},"4":{"start":{"line":29,"column":7},"end":{"line":29,"column":null}},"5":{"start":{"line":109,"column":7},"end":{"line":109,"column":null}},"6":{"start":{"line":29,"column":2},"end":{"line":118,"column":null}},"7":{"start":{"line":116,"column":14},"end":{"line":116,"column":null}}},"fnMap":{"0":{"name":"(anonymous_0)","decl":{"start":{"line":116,"column":12},"end":{"line":116,"column":14}},"loc":{"start":{"line":116,"column":14},"end":{"line":116,"column":null}},"line":116}},"branchMap":{"0":{"loc":{"start":{"line":25,"column":22},"end":{"line":25,"column":null}},"type":"binary-expr","locations":[{"start":{"line":25,"column":22},"end":{"line":25,"column":42}},{"start":{"line":25,"column":42},"end":{"line":25,"column":75}},{"start":{"line":25,"column":75},"end":{"line":25,"column":null}}],"line":25},"1":{"loc":{"start":{"line":32,"column":12},"end":{"line":105,"column":43}},"type":"cond-expr","locations":[{"start":{"line":32,"column":16},"end":{"line":52,"column":21}},{"start":{"line":52,"column":17},"end":{"line":105,"column":43}}],"line":32},"2":{"loc":{"start":{"line":48,"column":10},"end":{"line":52,"column":21}},"type":"binary-expr","locations":[{"start":{"line":48,"column":10},"end":{"line":48,"column":null}},{"start":{"line":48,"column":10},"end":{"line":52,"column":21}}],"line":48},"3":{"loc":{"start":{"line":52,"column":17},"end":{"line":105,"column":43}},"type":"cond-expr","locations":[{"start":{"line":52,"column":21},"end":{"line":88,"column":21}},{"start":{"line":88,"column":17},"end":{"line":105,"column":43}}],"line":52},"4":{"loc":{"start":{"line":50,"column":4},"end":{"line":50,"column":null}},"type":"binary-expr","locations":[{"start":{"line":50,"column":4},"end":{"line":50,"column":null}},{"start":{"line":50,"column":4},"end":{"line":50,"column":null}}],"line":50},"5":{"loc":{"start":{"line":88,"column":17},"end":{"line":105,"column":43}},"type":"cond-expr","locations":[{"start":{"line":88,"column":21},"end":{"line":105,"column":43}}],"line":88},"6":{"loc":{"start":{"line":86,"column":4},"end":{"line":105,"column":43}},"type":"binary-expr","locations":[{"start":{"line":86,"column":4},"end":{"line":86,"column":null}},{"start":{"line":86,"column":4},"end":{"line":105,"column":43}}],"line":86},"7":{"loc":{"start":{"line":114,"column":12},"end":{"line":118,"column":null}},"type":"cond-expr","locations":[{"start":{"line":114,"column":12},"end":{"line":118,"column":null}},{"start":{"line":118,"column":22},"end":{"line":118,"column":null}}],"line":114},"8":{"loc":{"start":{"line":116,"column":12},"end":{"line":116,"column":null}},"type":"binary-expr","locations":[{"start":{"line":116,"column":12},"end":{"line":116,"column":14}},{"start":{"line":116,"column":12},"end":{"line":116,"column":null}}],"line":116}},"s":{"0":10,"1":10,"2":10,"3":10,"4":1,"5":1,"6":10,"7":1},"f":{"0":1},"b":{"0":[10,9,5],"1":[6,4],"2":[6,6],"3":[2,2],"4":[2,2],"5":[2],"6":[2,2],"7":[5,5],"8":[5,5]},"meta":{"lastBranch":9,"lastFunction":1,"lastStatement":8,"seen":{"s:9:14:9:Infinity":0,"s:14:13:14:Infinity":1,"s:19:50:23:Infinity":2,"s:25:22:25:Infinity":3,"b:25:22:25:42:25:42:25:75:25:75:25:Infinity":0,"s:29:7:29:Infinity":4,"s:109:7:109:Infinity":5,"s:29:2:118:Infinity":6,"b:32:16:52:21:52:17:105:43":1,"b:48:10:48:Infinity:48:10:52:21":2,"b:52:21:88:21:88:17:105:43":3,"b:50:4:50:Infinity:50:4:50:Infinity":4,"b:88:21:105:43":5,"b:86:4:86:Infinity:86:4:105:43":6,"b:114:12:118:Infinity:118:22:118:Infinity":7,"b:116:12:116:14:116:12:116:Infinity":8,"f:116:12:116:14":0,"s:116:14:116:Infinity":7}}}
,"/root/projects/worldcup-scout-pro/frontend/src/components/common/LoadingSpinner.vue": {"path":"/root/projects/worldcup-scout-pro/frontend/src/components/common/LoadingSpinner.vue","statementMap":{"0":{"start":{"line":12,"column":7},"end":{"line":12,"column":null}},"1":{"start":{"line":12,"column":2},"end":{"line":20,"column":null}}},"fnMap":{},"branchMap":{"0":{"loc":{"start":{"line":22,"column":8},"end":{"line":14,"column":null}},"type":"binary-expr","locations":[{"start":{"line":22,"column":8},"end":{"line":22,"column":null}},{"start":{"line":22,"column":8},"end":{"line":14,"column":null}}],"line":22},"1":{"loc":{"start":{"line":17,"column":12},"end":{"line":20,"column":null}},"type":"cond-expr","locations":[{"start":{"line":17,"column":12},"end":{"line":20,"column":null}},{"start":{"line":20,"column":13},"end":{"line":20,"column":null}}],"line":17}},"s":{"0":1,"1":4},"f":{},"b":{"0":[4,4],"1":[1,3]},"meta":{"lastBranch":2,"lastFunction":0,"lastStatement":2,"seen":{"s:12:7:12:Infinity":0,"s:12:2:20:Infinity":1,"b:22:8:22:Infinity:22:8:14:Infinity":0,"b:17:12:20:Infinity:20:13:20:Infinity":1}}}
}
